Log file open, 11/28/18 16:56:02
LogWindows: Failed to load 'aqProf.dll' (GetLastError=126)
LogWindows: File 'aqProf.dll' does not exist
LogWindows: Failed to load 'VtuneApi.dll' (GetLastError=126)
LogWindows: File 'VtuneApi.dll' does not exist
LogWindows: Failed to load 'VtuneApi32e.dll' (GetLastError=126)
LogWindows: File 'VtuneApi32e.dll' does not exist
LogInit: Display: Running engine for game: Aedion
LogPlatformFile: Not using cached read wrapper
LogTaskGraph: Started task graph with 5 named threads and 23 total threads with 3 sets of task threads.
LogStats: Stats thread started at 0.379772
LogD3D11RHI: Loaded GFSDK_Aftermath_Lib.x64.dll
LogICUInternationalization: Display: ICU TimeZone Detection - Raw Offset: +1:00, Platform Override: ''
LogPluginManager: Mounting plugin Paper2D
LogPluginManager: Mounting plugin AISupport
LogPluginManager: Mounting plugin LightPropagationVolume
LogPluginManager: Mounting plugin CLionSourceCodeAccess
LogPluginManager: Mounting plugin CodeLiteSourceCodeAccess
LogPluginManager: Mounting plugin GitSourceControl
LogPluginManager: Mounting plugin KDevelopSourceCodeAccess
LogPluginManager: Mounting plugin NullSourceCodeAccess
LogPluginManager: Mounting plugin PerforceSourceControl
LogPluginManager: Mounting plugin SubversionSourceControl
LogPluginManager: Mounting plugin UObjectPlugin
LogPluginManager: Mounting plugin VisualStudioCodeSourceCodeAccess
LogPluginManager: Mounting plugin VisualStudioSourceCodeAccess
LogPluginManager: Mounting plugin XCodeSourceCodeAccess
LogPluginManager: Mounting plugin AssetManagerEditor
LogPluginManager: Mounting plugin CryptoKeys
LogPluginManager: Mounting plugin DataValidation
LogPluginManager: Mounting plugin FacialAnimation
LogPluginManager: Mounting plugin GameplayTagsEditor
LogPluginManager: Mounting plugin MacGraphicsSwitching
LogPluginManager: Mounting plugin MeshEditor
LogPluginManager: Mounting plugin MobileLauncherProfileWizard
LogPluginManager: Mounting plugin PluginBrowser
LogPluginManager: Mounting plugin SpeedTreeImporter
LogPluginManager: Mounting plugin DatasmithContent
LogPluginManager: Mounting plugin AlembicImporter
LogPluginManager: Mounting plugin AppleImageUtils
LogPluginManager: Mounting plugin AppleVision
LogPluginManager: Mounting plugin BackChannel
LogPluginManager: Mounting plugin CharacterAI
LogPluginManager: Mounting plugin GeometryCache
LogPluginManager: Mounting plugin HTML5Networking
LogPluginManager: Mounting plugin ProxyLODPlugin
LogPluginManager: Mounting plugin MagicLeap
LogPluginManager: Mounting plugin MagicLeapEmulator
LogPluginManager: Mounting plugin MagicLeapMedia
LogPluginManager: Mounting plugin AndroidMedia
LogPluginManager: Mounting plugin AvfMedia
LogPluginManager: Mounting plugin ImgMedia
LogPluginManager: Mounting plugin LinearTimecode
LogPluginManager: Mounting plugin MediaCompositing
LogPluginManager: Mounting plugin MediaPlayerEditor
LogPluginManager: Mounting plugin WmfMedia
LogPluginManager: Mounting plugin TcpMessaging
LogPluginManager: Mounting plugin UdpMessaging
LogPluginManager: Mounting plugin ActorSequence
LogPluginManager: Mounting plugin LevelSequenceEditor
LogPluginManager: Mounting plugin MatineeToLevelSequence
LogPluginManager: Mounting plugin NetcodeUnitTest
LogPluginManager: Mounting plugin NUTUnrealEngine4
LogPluginManager: Mounting plugin OnlineSubsystemGooglePlay
LogPluginManager: Mounting plugin OnlineSubsystemIOS
LogPluginManager: Mounting plugin OnlineSubsystem
LogPluginManager: Mounting plugin OnlineSubsystemNull
LogPluginManager: Mounting plugin OnlineSubsystemUtils
LogPluginManager: Mounting plugin LauncherChunkInstaller
LogPluginManager: Mounting plugin AndroidDeviceProfileSelector
LogPluginManager: Mounting plugin AndroidMoviePlayer
LogPluginManager: Mounting plugin AndroidPermission
LogPluginManager: Mounting plugin AppleMoviePlayer
LogPluginManager: Mounting plugin ArchVisCharacter
LogPluginManager: Mounting plugin AudioCapture
LogPluginManager: Mounting plugin CableComponent
LogPluginManager: Mounting plugin CustomMeshComponent
LogPluginManager: Mounting plugin EditableMesh
LogPluginManager: Mounting plugin ExampleDeviceProfileSelector
LogPluginManager: Mounting plugin GoogleCloudMessaging
LogPluginManager: Mounting plugin ImmediatePhysics
LogPluginManager: Mounting plugin IOSDeviceProfileSelector
LogPluginManager: Mounting plugin LinuxDeviceProfileSelector
LogPluginManager: Mounting plugin LocationServicesBPLibrary
LogPluginManager: Mounting plugin MobilePatchingUtils
LogPluginManager: Mounting plugin OculusVR
LogPluginManager: Plugin shader directory ../../../Engine/Plugins/Runtime/Oculus/OculusVR/Shaders found
LogPluginManager: Mapping shader source directory ../../../Engine/Plugins/Runtime/Oculus/OculusVR/Shaders to virtual directory /Plugin/OculusVR
LogPluginManager: Mounting plugin PhysXVehicles
LogPluginManager: Mounting plugin ProceduralMeshComponent
LogPluginManager: Mounting plugin RuntimePhysXCooking
LogPluginManager: Mounting plugin SteamVR
LogPluginManager: Mounting plugin WindowsMoviePlayer
LogPluginManager: Mounting plugin SceneFusion
LogStreaming: Display: Took  0.146s to configure plugins.
LogInit: Using libcurl 7.55.1-DEV
LogInit:  - built for x86_64-pc-win32
LogInit:  - supports SSL with OpenSSL/1.0.2h
LogInit:  - supports HTTP deflate (compression) using libz 1.2.8
LogInit:  - other features:
LogInit:      CURL_VERSION_SSL
LogInit:      CURL_VERSION_LIBZ
LogInit:      CURL_VERSION_IPV6
LogInit:      CURL_VERSION_ASYNCHDNS
LogInit:      CURL_VERSION_LARGEFILE
LogInit:      CURL_VERSION_IDN
LogInit:  CurlRequestOptions (configurable via config and command line):
LogInit:  - bVerifyPeer = false  - Libcurl will NOT verify peer certificate
LogInit:  - bUseHttpProxy = false  - Libcurl will NOT use HTTP proxy
LogInit:  - bDontReuseConnections = false  - Libcurl will reuse connections
LogInit:  - CertBundlePath = nullptr  - Libcurl will use whatever was configured at build time.
LogInit:  - MaxHostConnections = 16  - Libcurl will limit the number of connections to a host
LogInit:  - LocalHostAddr = Default
LogInit:  - BufferSize = 65536
LogInit: WinSock: version 1.1 (2.2), MaxSocks=32767, MaxUdp=65467
LogInit: Build: ++UE4+Release-4.20-CL-4369336
LogInit: Engine Version: 4.20.3-4369336+++UE4+Release-4.20
LogInit: Compatible Engine Version: 4.20.0-4212847+++UE4+Release-4.20
LogInit: Net CL: 4212847
LogInit: OS: Windows 10 (), CPU: Intel(R) Core(TM) i7-4790K CPU @ 4.00GHz, GPU: NVIDIA GeForce GTX 980
LogInit: Compiled (64-bit): Sep 17 2018 12:26:19
LogInit: Compiled with Visual C++: 19.13.26129.00
LogInit: Build Configuration: Development
LogInit: Branch Name: ++UE4+Release-4.20
LogInit: Command Line: 
LogInit: Base Directory: D:/Program Files/Epic Games/UE_4.20/Engine/Binaries/Win64/
LogInit: Installed Engine Build: 1
LogDevObjectVersion: Number of dev versions registered: 20
LogDevObjectVersion:   Dev-Blueprints (B0D832E4-1F89-4F0D-ACCF-7EB736FD4AA2): 10
LogDevObjectVersion:   Dev-Build (E1C64328-A22C-4D53-A36C-8E866417BD8C): 0
LogDevObjectVersion:   Dev-Core (375EC13C-06E4-48FB-B500-84F0262A717E): 2
LogDevObjectVersion:   Dev-Editor (E4B068ED-F494-42E9-A231-DA0B2E46BB41): 24
LogDevObjectVersion:   Dev-Framework (CFFC743F-43B0-4480-9391-14DF171D2073): 34
LogDevObjectVersion:   Dev-Mobile (B02B49B5-BB20-44E9-A304-32B752E40360): 2
LogDevObjectVersion:   Dev-Networking (A4E4105C-59A1-49B5-A7C5-40C4547EDFEE): 0
LogDevObjectVersion:   Dev-Online (39C831C9-5AE6-47DC-9A44-9C173E1C8E7C): 0
LogDevObjectVersion:   Dev-Physics (78F01B33-EBEA-4F98-B9B4-84EACCB95AA2): 0
LogDevObjectVersion:   Dev-Platform (6631380F-2D4D-43E0-8009-CF276956A95A): 0
LogDevObjectVersion:   Dev-Rendering (12F88B9F-8875-4AFC-A67C-D90C383ABD29): 26
LogDevObjectVersion:   Dev-Sequencer (7B5AE74C-D270-4C10-A958-57980B212A5A): 9
LogDevObjectVersion:   Dev-VR (D7296918-1DD6-4BDD-9DE2-64A83CC13884): 2
LogDevObjectVersion:   Dev-LoadTimes (C2A15278-BFE7-4AFE-6C17-90FF531DF755): 1
LogDevObjectVersion:   Private-Geometry (6EACA3D4-40EC-4CC1-B786-8BED09428FC5): 3
LogDevObjectVersion:   Dev-AnimPhys (29E575DD-E0A3-4627-9D10-D276232CDCEA): 17
LogDevObjectVersion:   Dev-ReflectionCapture (6B266CEC-1EC7-4B8F-A30B-E4D90942FC07): 1
LogDevObjectVersion:   Dev-Automation (0DF73D61-A23F-47EA-B727-89E90C41499A): 1
LogDevObjectVersion:   FortniteMain (601D1886-AC64-4F84-AA16-D3DE0DEAC7D6): 12
LogDevObjectVersion:   Dev-Enterprise (9DFFBCD6-494F-0158-E221-12823C92A888): 1
LogStreaming: Display: Took  0.000s to delete old logs.
LogInit: Presizing for max 8388607 objects, including 0 objects not considered by GC, pre-allocating 0 bytes for permanent pool.
LogInit: Object subsystem initialized
[2018.11.28-15.56.02:437][  0]LogInit: Selected Device Profile: [Windows]
[2018.11.28-15.56.02:437][  0]LogInit: Applying CVar settings loaded from the selected device profile: [Windows]
[2018.11.28-15.56.02:452][  0]LogHAL: Display: Platform has ~ 32 GB [34184097792 / 34359738368 / 32], which maps to Largest [LargestMinGB=32, LargerMinGB=12, DefaultMinGB=8, SmallerMinGB=6, SmallestMinGB=0)
[2018.11.28-15.56.02:452][  0]LogInit: Setting Device Profile CVar: [[r.Vulkan.UseRealUBs:1]]
[2018.11.28-15.56.02:452][  0]LogInit: Going up to parent DeviceProfile []
[2018.11.28-15.56.02:452][  0]LogInit: Computer: DESKTOP-4SI7KRC
[2018.11.28-15.56.02:452][  0]LogInit: User: pijel
[2018.11.28-15.56.02:452][  0]LogInit: CPU Page size=4096, Cores=4
[2018.11.28-15.56.02:452][  0]LogInit: High frequency timer resolution =3.906244 MHz
[2018.11.28-15.56.02:453][  0]LogMemory: Memory total: Physical=31.8GB (32GB approx)
[2018.11.28-15.56.02:453][  0]LogMemory: Platform Memory Stats for Windows
[2018.11.28-15.56.02:453][  0]LogMemory: Process Physical Memory: 100.92 MB used, 100.92 MB peak
[2018.11.28-15.56.02:453][  0]LogMemory: Process Virtual Memory: 89.67 MB used, 89.67 MB peak
[2018.11.28-15.56.02:453][  0]LogMemory: Physical Memory: 8365.43 MB used,  24235.06 MB free, 32600.50 MB total
[2018.11.28-15.56.02:453][  0]LogMemory: Virtual Memory: 4638.80 MB used,  24235.06 MB free, 134217728.00 MB total
[2018.11.28-15.56.02:524][  0]LogInit: Using OS detected language (en-US).
[2018.11.28-15.56.02:524][  0]LogInit: Using OS detected locale (en-US).
[2018.11.28-15.56.02:526][  0]LogTextLocalizationManager: No specific localization for 'en-US' exists, so the 'en' localization will be used.
[2018.11.28-15.56.02:935][  0]LogStreaming: Display: Took  0.411s to InitEngineTextLocalization.
[2018.11.28-15.56.02:935][  0]LogInit: Setting process to per monitor DPI aware
[2018.11.28-15.56.03:023][  0]LogSlate: New Slate User Created.  User Index 0, Is Virtual User: 0
[2018.11.28-15.56.03:024][  0]LogSlate: Slate User Registered.  User Index 0, Is Virtual User: 0
[2018.11.28-15.56.03:604][  0]LogHMD: Failed to initialize OpenVR with code 126
[2018.11.28-15.56.03:605][  0]LogD3D11RHI: D3D11 adapters:
[2018.11.28-15.56.03:734][  0]LogD3D11RHI:    0. 'NVIDIA GeForce GTX 980' (Feature Level 11_0)
[2018.11.28-15.56.03:734][  0]LogD3D11RHI:       4053/0/16300 MB DedicatedVideo/DedicatedSystem/SharedSystem, Outputs:2, VendorId:0x10de
[2018.11.28-15.56.03:771][  0]LogD3D11RHI:    1. 'Intel(R) HD Graphics 4600' (Feature Level 11_0)
[2018.11.28-15.56.03:771][  0]LogD3D11RHI:       112/0/2048 MB DedicatedVideo/DedicatedSystem/SharedSystem, Outputs:0, VendorId:0x8086
[2018.11.28-15.56.03:911][  0]LogD3D11RHI:    2. 'NVIDIA GeForce GTX 980' (Feature Level 11_0)
[2018.11.28-15.56.03:911][  0]LogD3D11RHI:       4053/0/16300 MB DedicatedVideo/DedicatedSystem/SharedSystem, Outputs:0, VendorId:0x10de
[2018.11.28-15.56.03:925][  0]LogD3D11RHI:    3. 'Microsoft Basic Render Driver' (Feature Level 11_0)
[2018.11.28-15.56.03:925][  0]LogD3D11RHI:       0/0/16300 MB DedicatedVideo/DedicatedSystem/SharedSystem, Outputs:0, VendorId:0x1414
[2018.11.28-15.56.03:925][  0]LogD3D11RHI: Chosen D3D11 Adapter: 0
[2018.11.28-15.56.03:941][  0]LogD3D11RHI: Creating new Direct3DDevice
[2018.11.28-15.56.03:941][  0]LogD3D11RHI:     GPU DeviceId: 0x13c0 (for the marketing name, search the web for "GPU Device Id")
[2018.11.28-15.56.03:941][  0]LogWindows: EnumDisplayDevices:
[2018.11.28-15.56.03:941][  0]LogWindows:    0. 'NVIDIA GeForce GTX 980' (P:1 D:1)
[2018.11.28-15.56.03:941][  0]LogWindows:    1. 'NVIDIA GeForce GTX 980' (P:0 D:1)
[2018.11.28-15.56.03:942][  0]LogWindows:    2. 'NVIDIA GeForce GTX 980' (P:0 D:0)
[2018.11.28-15.56.03:942][  0]LogWindows:    3. 'NVIDIA GeForce GTX 980' (P:0 D:0)
[2018.11.28-15.56.03:942][  0]LogWindows:    4. 'NVIDIA GeForce GTX 980' (P:0 D:0)
[2018.11.28-15.56.03:943][  0]LogWindows:    5. 'NVIDIA GeForce GTX 980' (P:0 D:0)
[2018.11.28-15.56.03:943][  0]LogWindows:    6. 'NVIDIA GeForce GTX 980' (P:0 D:0)
[2018.11.28-15.56.03:943][  0]LogWindows:    7. 'NVIDIA GeForce GTX 980' (P:0 D:0)
[2018.11.28-15.56.03:944][  0]LogWindows:    8. 'Intel(R) HD Graphics 4600' (P:0 D:0)
[2018.11.28-15.56.03:944][  0]LogWindows:    9. 'Intel(R) HD Graphics 4600' (P:0 D:0)
[2018.11.28-15.56.03:945][  0]LogWindows:    10. 'Intel(R) HD Graphics 4600' (P:0 D:0)
[2018.11.28-15.56.03:945][  0]LogWindows: DebugString: PrimaryIsNotTheChoosenAdapter PrimaryIsNotTheChoosenAdapter PrimaryIsNotTheChoosenAdapter FoundDriverCount:8 
[2018.11.28-15.56.03:945][  0]LogD3D11RHI:     Adapter Name: NVIDIA GeForce GTX 980
[2018.11.28-15.56.03:945][  0]LogD3D11RHI:   Driver Version: 416.94 (internal:25.21.14.1694, unified:416.94)
[2018.11.28-15.56.03:945][  0]LogD3D11RHI:      Driver Date: 11-12-2018
[2018.11.28-15.56.03:945][  0]LogRHI: Texture pool is 2837 MB (70% of 4053 MB)
[2018.11.28-15.56.04:054][  0]LogD3D11RHI: Async texture creation enabled
[2018.11.28-15.56.04:093][  0]LogD3D11RHI: GPU Timing Frequency: 1000.000000 (Debug: 2 2)
[2018.11.28-15.56.04:194][  0]LogShaderCompilers: Guid format shader working directory is 11 characters bigger than the processId version (F:/Aedion Studio/AedionGame/Aedion/Intermediate/Shaders/WorkingDirectory/24708/).
[2018.11.28-15.56.04:194][  0]LogShaderCompilers: Cleaned the shader compiler working directory 'C:/Users/pijel/AppData/Local/Temp/UnrealShaderWorkingDir/61DB931841DECD7EB7D731AE99BF1B88/'.
[2018.11.28-15.56.04:813][  0]LogTemp: Display: Loaded TP AllDesktopTargetPlatform
[2018.11.28-15.56.04:833][  0]LogTemp: Display: Loaded TP MacClientTargetPlatform
[2018.11.28-15.56.04:863][  0]LogTemp: Display: Loaded TP MacNoEditorTargetPlatform
[2018.11.28-15.56.04:883][  0]LogTemp: Display: Loaded TP MacServerTargetPlatform
[2018.11.28-15.56.04:902][  0]LogTemp: Display: Loaded TP MacTargetPlatform
[2018.11.28-15.56.04:922][  0]LogTemp: Display: Loaded TP WindowsClientTargetPlatform
[2018.11.28-15.56.04:947][  0]LogTemp: Display: Loaded TP WindowsNoEditorTargetPlatform
[2018.11.28-15.56.04:966][  0]LogTemp: Display: Loaded TP WindowsServerTargetPlatform
[2018.11.28-15.56.04:975][  0]LogTemp: Display: Loaded TP WindowsTargetPlatform
[2018.11.28-15.56.05:068][  0]LogTemp: Display: Loaded TP AndroidTargetPlatform
[2018.11.28-15.56.05:068][  0]LogTemp: Display: Loaded TP AndroidTargetPlatform
[2018.11.28-15.56.05:068][  0]LogTemp: Display: Loaded TP AndroidTargetPlatform
[2018.11.28-15.56.05:068][  0]LogTemp: Display: Loaded TP AndroidTargetPlatform
[2018.11.28-15.56.05:068][  0]LogTemp: Display: Loaded TP AndroidTargetPlatform
[2018.11.28-15.56.05:068][  0]LogTemp: Display: Loaded TP AndroidTargetPlatform
[2018.11.28-15.56.05:068][  0]LogTemp: Display: Loaded TP AndroidTargetPlatform
[2018.11.28-15.56.05:068][  0]LogTemp: Display: Loaded TP AndroidTargetPlatform
[2018.11.28-15.56.05:068][  0]LogTemp: Display: Loaded TP AndroidTargetPlatform
[2018.11.28-15.56.05:068][  0]LogTemp: Display: Loaded TP AndroidTargetPlatform
[2018.11.28-15.56.05:068][  0]LogTemp: Display: Loaded TP AndroidTargetPlatform
[2018.11.28-15.56.05:068][  0]LogTemp: Display: Loaded TP AndroidTargetPlatform
[2018.11.28-15.56.05:068][  0]LogTemp: Display: Loaded TP AndroidTargetPlatform
[2018.11.28-15.56.05:068][  0]LogTemp: Display: Loaded TP AndroidTargetPlatform
[2018.11.28-15.56.05:068][  0]LogTemp: Display: Loaded TP AndroidTargetPlatform
[2018.11.28-15.56.05:068][  0]LogTemp: Display: Loaded TP AndroidTargetPlatform
[2018.11.28-15.56.05:068][  0]LogTemp: Display: Loaded TP AndroidTargetPlatform
[2018.11.28-15.56.05:068][  0]LogTemp: Display: Loaded TP AndroidTargetPlatform
[2018.11.28-15.56.05:071][  0]LogTemp: Display: Loaded TP HTML5TargetPlatform
[2018.11.28-15.56.05:148][  0]LogTemp: Display: Loaded TP IOSTargetPlatform
[2018.11.28-15.56.05:148][  0]LogTemp: Display: Loaded TP IOSTargetPlatform
[2018.11.28-15.56.05:185][  0]LogTemp: Display: Loaded TP TVOSTargetPlatform
[2018.11.28-15.56.05:185][  0]LogTemp: Display: Loaded TP TVOSTargetPlatform
[2018.11.28-15.56.05:202][  0]LogTemp: Display: Loaded TP LinuxClientTargetPlatform
[2018.11.28-15.56.05:225][  0]LogTemp: Display: Loaded TP LinuxNoEditorTargetPlatform
[2018.11.28-15.56.05:246][  0]LogTemp: Display: Loaded TP LinuxServerTargetPlatform
[2018.11.28-15.56.05:276][  0]LogTemp: Display: Loaded TP LinuxTargetPlatform
[2018.11.28-15.56.05:290][  0]LogTemp: Display: Loaded TP LuminTargetPlatform
[2018.11.28-15.56.05:290][  0]LogTargetPlatformManager: Display: Building Assets For Windows
[2018.11.28-15.56.05:414][  0]LogXGEController: Cleaning working directory: C:/Users/pijel/AppData/Local/Temp/UnrealXGEWorkingDir/
[2018.11.28-15.56.05:414][  0]LogXGEController: Cannot use XGE Controller as Incredibuild is not installed on this machine.
[2018.11.28-15.56.05:415][  0]LogShaderCompilers: Cannot use XGE Shader Compiler as Incredibuild is not installed on this machine.
[2018.11.28-15.56.05:415][  0]LogShaderCompilers: Display: Using Local Shader Compiler.
[2018.11.28-15.56.06:328][  0]LogDerivedDataCache: Display: Max Cache Size: 512 MB
[2018.11.28-15.56.06:419][  0]LogDerivedDataCache: Loaded boot cache 0.09s 72MB C:/Users/pijel/AppData/Local/UnrealEngine/4.20/DerivedDataCache/Boot.ddc.
[2018.11.28-15.56.06:420][  0]LogDerivedDataCache: Display: Loaded Boot cache: C:/Users/pijel/AppData/Local/UnrealEngine/4.20/DerivedDataCache/Boot.ddc
[2018.11.28-15.56.06:420][  0]LogDerivedDataCache: FDerivedDataBackendGraph:  Pak pak cache file F:/Aedion Studio/AedionGame/Aedion/DerivedDataCache/DDC.ddp not found, will not use a pak cache.
[2018.11.28-15.56.06:420][  0]LogDerivedDataCache: Unable to find inner node Pak for hierarchical cache Hierarchy.
[2018.11.28-15.56.06:420][  0]LogDerivedDataCache: FDerivedDataBackendGraph:  CompressedPak pak cache file F:/Aedion Studio/AedionGame/Aedion/DerivedDataCache/Compressed.ddp not found, will not use a pak cache.
[2018.11.28-15.56.06:420][  0]LogDerivedDataCache: Unable to find inner node CompressedPak for hierarchical cache Hierarchy.
[2018.11.28-15.56.06:435][  0]LogDerivedDataCache: Display: Pak cache opened for reading ../../../Engine/DerivedDataCache/Compressed.ddp.
[2018.11.28-15.56.06:449][  0]LogDerivedDataCache: Using Local data cache path C:/Users/pijel/AppData/Local/UnrealEngine/Common/DerivedDataCache: Writable
[2018.11.28-15.56.06:449][  0]LogDerivedDataCache: Shared data cache path not found in *engine.ini, will not use an Shared cache.
[2018.11.28-15.56.06:449][  0]LogDerivedDataCache: Unable to find inner node Shared for hierarchical cache Hierarchy.
[2018.11.28-15.56.06:469][  0]LogMaterial: Verifying Global Shaders for PCD3D_SM5
[2018.11.28-15.56.06:471][  0]LogSlate: Using FreeType 2.6.0
[2018.11.28-15.56.06:472][  0]LogSlate: SlateFontServices - WITH_FREETYPE: 1, WITH_HARFBUZZ: 1
[2018.11.28-15.56.06:574][  0]LogAssetRegistry: FAssetRegistry took 0.0318 seconds to start up
[2018.11.28-15.56.06:929][  0]LogInit: Selected Device Profile: [Windows]
[2018.11.28-15.56.07:115][  0]LogSimplygon: Simplygon DLL not present - disabling.
[2018.11.28-15.56.07:127][  0]LogMeshReduction: Using SimplygonSwarm for distributed automatic mesh merging
[2018.11.28-15.56.07:128][  0]LogMeshReduction: Using ProxyLODMeshReduction for automatic mesh merging
[2018.11.28-15.56.07:128][  0]LogMeshReduction: Using QuadricMeshReduction for automatic static mesh reduction
[2018.11.28-15.56.07:128][  0]LogMeshReduction: No automatic skeletal mesh reduction module available
[2018.11.28-15.56.07:153][  0]LogNetVersion: Aedion 1.0.0, NetCL: 4212847, EngineNetVer: 5, GameNetVer: 0 (Checksum: 2038587026)
[2018.11.28-15.56.07:794][  0]LogPackageLocalizationCache: Processed 12 localized package path(s) for 2 prioritized culture(s) in 0.158768 seconds
[2018.11.28-15.56.07:801][  0]LogUObjectArray: 38425 objects as part of root set at end of initial load.
[2018.11.28-15.56.07:801][  0]LogUObjectAllocator: 6690864 out of 0 bytes used by permanent object pool.
[2018.11.28-15.56.07:801][  0]LogUObjectArray: CloseDisregardForGC: 0/0 objects in disregard for GC pool
[2018.11.28-15.56.08:968][  0]LogTcpMessaging: Initializing TcpMessaging bridge
[2018.11.28-15.56.08:984][  0]LogUdpMessaging: Initializing bridge on interface 0.0.0.0:0 to multicast group 230.0.0.1:6666.
[2018.11.28-15.56.09:182][  0]SourceControl: Source control is disabled
[2018.11.28-15.56.09:183][  0]SourceControl: Source control is disabled
[2018.11.28-15.56.09:190][  0]SourceControl: Source control is disabled
[2018.11.28-15.56.09:192][  0]SourceControl: Source control is disabled
[2018.11.28-15.56.09:450][  0]LogAndroidPermission: UAndroidPermissionCallbackProxy::GetInstance
[2018.11.28-15.56.09:635][  0]LogOcInput: OculusInput pre-init called
[2018.11.28-15.56.09:651][  0]LogSceneFusion: [INFO;SceneFusion] Scene Fusion Client: 2.0.2
[2018.11.28-15.56.09:651][  0]LogSceneFusion: [INFO;Root] C:/Users/pijel/AppData/Local/UnrealEngine/4.20/Saved/
[2018.11.28-15.56.09:652][  0]LogLinker: Warning: Asset 'F:/Aedion Studio/AedionGame/Aedion/Plugins/SceneFusion/Content/LockMaterial.uasset' has been saved with empty engine version. The asset will be loaded but may be incompatible.
[2018.11.28-15.56.09:691][  0]LogLinker: Warning: Asset 'F:/Aedion Studio/AedionGame/Aedion/Plugins/SceneFusion/Content/CameraModels/Material.uasset' has been saved with empty engine version. The asset will be loaded but may be incompatible.
[2018.11.28-15.56.09:696][  0]LogLinker: Warning: Asset 'F:/Aedion Studio/AedionGame/Aedion/Plugins/SceneFusion/Content/CameraModels/camera.uasset' has been saved with empty engine version. The asset will be loaded but may be incompatible.
[2018.11.28-15.56.09:699][  0]LogLinker: Warning: Asset 'F:/Aedion Studio/AedionGame/Aedion/Plugins/SceneFusion/Content/CameraModels/head.uasset' has been saved with empty engine version. The asset will be loaded but may be incompatible.
[2018.11.28-15.56.09:702][  0]LogLinker: Warning: Asset 'F:/Aedion Studio/AedionGame/Aedion/Plugins/SceneFusion/Content/CameraModels/hmd.uasset' has been saved with empty engine version. The asset will be loaded but may be incompatible.
[2018.11.28-15.56.09:704][  0]LogLinker: Warning: Asset 'F:/Aedion Studio/AedionGame/Aedion/Plugins/SceneFusion/Content/CameraModels/body.uasset' has been saved with empty engine version. The asset will be loaded but may be incompatible.
[2018.11.28-15.56.09:707][  0]LogLinker: Warning: Asset 'F:/Aedion Studio/AedionGame/Aedion/Plugins/SceneFusion/Content/CameraModels/oculus_l.uasset' has been saved with empty engine version. The asset will be loaded but may be incompatible.
[2018.11.28-15.56.09:710][  0]LogLinker: Warning: Asset 'F:/Aedion Studio/AedionGame/Aedion/Plugins/SceneFusion/Content/CameraModels/oculus_r.uasset' has been saved with empty engine version. The asset will be loaded but may be incompatible.
[2018.11.28-15.56.09:714][  0]LogLinker: Warning: Asset 'F:/Aedion Studio/AedionGame/Aedion/Plugins/SceneFusion/Content/CameraModels/vive_low_poly.uasset' has been saved with empty engine version. The asset will be loaded but may be incompatible.
[2018.11.28-15.56.09:717][  0]LogLinker: Warning: Asset 'F:/Aedion Studio/AedionGame/Aedion/Plugins/SceneFusion/Content/StandIns/QuestionMaterial.uasset' has been saved with empty engine version. The asset will be loaded but may be incompatible.
[2018.11.28-15.56.09:720][  0]LogLinker: Warning: Asset 'F:/Aedion Studio/AedionGame/Aedion/Plugins/SceneFusion/Content/StandIns/QuestionMask.uasset' has been saved with empty engine version. The asset will be loaded but may be incompatible.
[2018.11.28-15.56.09:745][  0]LogSceneFusion: [INFO;sfUI] Scene Fusion intializing UI.
[2018.11.28-15.56.10:814][  0]LogEngine: Initializing Engine...
[2018.11.28-15.56.11:013][  0]LogHMD: Failed to initialize OpenVR with code 126
[2018.11.28-15.56.11:014][  0]LogStats: UGameplayTagsManager::ConstructGameplayTagTree: ImportINI prefixes -  0.000 s
[2018.11.28-15.56.11:015][  0]LogStats: UGameplayTagsManager::ConstructGameplayTagTree: Construct from data asset -  0.000 s
[2018.11.28-15.56.11:015][  0]LogStats: UGameplayTagsManager::ConstructGameplayTagTree: ImportINI -  0.000 s
[2018.11.28-15.56.11:015][  0]LogStats: UGameplayTagsManager::ConstructGameplayTagTree: GameplayTagTreeChangedEvent.Broadcast -  0.000 s
[2018.11.28-15.56.11:263][  0]LogInit: Initializing FReadOnlyCVARCache
[2018.11.28-15.56.11:282][  0]LogAIModule: Creating AISystem for world Untitled
[2018.11.28-15.56.11:321][  0]LogInit: XAudio2 using 'Headset Earphone (Corsair VOID Wireless Gaming Dongle)' : 6 channels at 48 kHz using 16 bits per sample (channel mask 0x3f)
[2018.11.28-15.56.11:492][  0]LogInit: FAudioDevice initialized.
[2018.11.28-15.56.11:492][  0]LogNetVersion: Set ProjectVersion to 1.0.0.0. Version Checksum will be recalculated on next use.
[2018.11.28-15.56.11:600][  0]LogDerivedDataCache: Saved boot cache 0.11s 72MB C:/Users/pijel/AppData/Local/UnrealEngine/4.20/DerivedDataCache/Boot.ddc.
[2018.11.28-15.56.11:619][  0]LogInit: Texture streaming: Enabled
[2018.11.28-15.56.11:646][  0]LogEngineSessionManager: EngineSessionManager initialized
[2018.11.28-15.56.11:646][  0]LogEngineSessionManager: EngineSessionManager sent abnormal shutdown report. Type=Crashed, SessionId={D0F881FC-4D9E-2760-824D-97B61B0BE0FC}
[2018.11.28-15.56.11:666][  0]LogInit: Transaction tracking system initialized
[2018.11.28-15.56.11:701][  0]BlueprintLog: New page: Editor Load
[2018.11.28-15.56.11:903][  0]LocalizationService: Localization service is disabled
[2018.11.28-15.56.12:323][  0]LogCook: Display: Max memory allowance for cook 16384mb min free memory 0mb
[2018.11.28-15.56.12:323][  0]LogCook: Display: Mobile HDR setting 1
[2018.11.28-15.56.12:323][  0]LogGameplayTags: Display: UGameplayTagsManager::DoneAddingNativeTags. DelegateIsBound: 0
[2018.11.28-15.56.12:323][  0]LogStats: UGameplayTagsManager::ConstructGameplayTagTree: ImportINI prefixes -  0.000 s
[2018.11.28-15.56.12:324][  0]LogStats: UGameplayTagsManager::ConstructGameplayTagTree: Construct from data asset -  0.000 s
[2018.11.28-15.56.12:324][  0]LogStats: UGameplayTagsManager::ConstructGameplayTagTree: ImportINI -  0.000 s
[2018.11.28-15.56.12:324][  0]LogStats: UGameplayTagsManager::ConstructGameplayTagTree: GameplayTagTreeChangedEvent.Broadcast -  0.000 s
[2018.11.28-15.56.12:530][  0]LogFileCache: Scanning file cache for directory 'F:/Aedion Studio/AedionGame/Aedion/Content/' took 0.02s
[2018.11.28-15.56.12:530][  0]SourceControl: Source control is disabled
[2018.11.28-15.56.12:530][  0]Cmd: MAP LOAD FILE="../../../Engine/Content/Maps/Templates/Template_Default.umap" TEMPLATE=1 SHOWPROGRESS=1 FEATURELEVEL=3
[2018.11.28-15.56.12:531][  0]LightingResults: New page: Lighting Build
[2018.11.28-15.56.12:534][  0]MapCheck: New page: Map Check
[2018.11.28-15.56.12:534][  0]LightingResults: New page: Lighting Build
[2018.11.28-15.56.12:841][  0]LogAIModule: Creating AISystem for world Untitled_1
[2018.11.28-15.56.12:847][  0]LogEditorServer: Finished looking for orphan Actors (0.000 secs)
[2018.11.28-15.56.12:877][  0]Cmd: MAP CHECKDEP NOCLEARLOG
[2018.11.28-15.56.12:970][  0]MapCheck: Map check complete: 0 Error(s), 0 Warning(s), took 92.106ms to complete.
[2018.11.28-15.56.12:970][  0]LogFileHelpers: Loading map 'Template_Default' took 0.439
[2018.11.28-15.56.13:080][  0]LogSlate: Updating window title bar state: overlay mode, drag disabled, window buttons hidden, title bar hidden
[2018.11.28-15.56.13:087][  0]LogSlate: Updating window title bar state: overlay mode, drag disabled, window buttons hidden, title bar hidden
[2018.11.28-15.56.13:096][  0]LogSlate: Updating window title bar state: overlay mode, drag disabled, window buttons hidden, title bar hidden
[2018.11.28-15.56.13:104][  0]LogSlate: Updating window title bar state: overlay mode, drag disabled, window buttons hidden, title bar hidden
[2018.11.28-15.56.13:117][  0]LogCollectionManager: Loaded 0 collections in 0.001057 seconds
[2018.11.28-15.56.13:169][  0]LogFileCache: Scanning file cache for directory 'F:/Aedion Studio/AedionGame/Aedion/Saved/Collections/' took 0.01s
[2018.11.28-15.56.13:169][  0]LogFileCache: Scanning file cache for directory 'F:/Aedion Studio/AedionGame/Aedion/Content/Developers/pijel/Collections/' took 0.01s
[2018.11.28-15.56.13:169][  0]LogFileCache: Scanning file cache for directory 'F:/Aedion Studio/AedionGame/Aedion/Content/Collections/' took 0.01s
[2018.11.28-15.56.13:169][  0]LogCollectionManager: Rebuilt the GUID cache for 0 collections in 0.000000 seconds
[2018.11.28-15.56.13:178][  0]LogContentBrowser: Native class hierarchy populated in 0.0088 seconds. Added 2581 classes and 609 folders.
[2018.11.28-15.56.13:184][  0]LogContentBrowser: Native class hierarchy updated for 'WidgetCarousel' in 0.0003 seconds. Added 0 classes and 0 folders.
[2018.11.28-15.56.13:288][  0]LogContentBrowser: Native class hierarchy updated for 'AddContentDialog' in 0.0002 seconds. Added 0 classes and 0 folders.
[2018.11.28-15.56.13:296][  0]LogContentBrowser: Native class hierarchy updated for 'SceneOutliner' in 0.0005 seconds. Added 1 classes and 2 folders.
[2018.11.28-15.56.13:369][  0]LogContentBrowser: Native class hierarchy updated for 'WorldBrowser' in 0.0003 seconds. Added 2 classes and 3 folders.
[2018.11.28-15.56.13:410][  0]LogContentBrowser: Native class hierarchy updated for 'HierarchicalLODOutliner' in 0.0003 seconds. Added 0 classes and 0 folders.
[2018.11.28-15.56.13:410][  0]LogLoad: (Engine Initialization) Total time: 13.75 seconds
[2018.11.28-15.56.13:410][  0]LogLoad: (Engine Initialization) Total Blueprint compile time: 0.00 seconds
[2018.11.28-15.56.13:420][  0]LogWindowsTextInputMethodSystem: Display: IME system now deactivated.
[2018.11.28-15.56.13:441][  0]LogContentStreaming: Texture pool size now 3000 MB
[2018.11.28-15.56.13:442][  0]LogSlate: Took 0.000441 seconds to synchronously load lazily loaded font '../../../Engine/Content/Slate/Fonts/Roboto-Regular.ttf' (155K)
[2018.11.28-15.56.13:444][  0]LogSlate: Took 0.000368 seconds to synchronously load lazily loaded font '../../../Engine/Content/Slate/Fonts/Roboto-Bold.ttf' (160K)
[2018.11.28-15.56.13:449][  0]LogSlate: Took 0.000329 seconds to synchronously load lazily loaded font '../../../Engine/Content/Editor/Slate/Fonts/FontAwesome.ttf' (139K)
[2018.11.28-15.56.13:581][  1]LogRenderer: Reallocating scene render targets to support 656x324 Format 10 NumSamples 1 (Frame:1).
[2018.11.28-15.56.13:598][  1]LogAssetRegistry: Asset discovery search completed in 7.0505 seconds
[2018.11.28-15.56.13:602][  1]LogCollectionManager: Rebuilt the object cache for 0 collections in 0.000000 seconds (found 0 objects)
[2018.11.28-15.56.13:602][  1]LogCollectionManager: Fixed up redirectors for 0 collections in 0.000101 seconds (updated 0 objects)
[2018.11.28-15.56.14:447][ 90]LogSlate: Took 0.000313 seconds to synchronously load lazily loaded font '../../../Engine/Content/Slate/Fonts/Roboto-Light.ttf' (167K)
[2018.11.28-15.56.17:571][460]LogSlate: Took 0.000315 seconds to synchronously load lazily loaded font '../../../Engine/Content/Slate/Fonts/Roboto-Light.ttf' (167K)
[2018.11.28-15.56.19:863][563]LogSlate: FSceneViewport::OnFocusLost() reason 0
[2018.11.28-15.56.20:014][572]LogRenderer: Reallocating scene render targets to support 992x528 Format 10 NumSamples 1 (Frame:560).
[2018.11.28-15.56.24:276][ 53]LogAssetEditorManager: Opening Asset editor for Blueprint /Game/PlayerRelated/MyPlayer/MyPlayer.MyPlayer
[2018.11.28-15.56.24:745][ 53]LogContentBrowser: Native class hierarchy updated for 'BlueprintGraph' in 0.0007 seconds. Added 116 classes and 0 folders.
[2018.11.28-15.56.25:579][ 53]LogSlate: Took 0.000419 seconds to synchronously load lazily loaded font '../../../Engine/Content/Slate/Fonts/Roboto-BoldCondensed.ttf' (158K)
[2018.11.28-15.56.27:773][240]LogSlate: Took 0.000411 seconds to synchronously load lazily loaded font '../../../Engine/Content/Slate/Fonts/Roboto-Italic.ttf' (157K)
[2018.11.28-15.56.29:988][393]LogRenderer: Reallocating scene render targets to support 992x704 Format 10 NumSamples 1 (Frame:1).
[2018.11.28-15.56.32:409][594]LogSlate: FSceneViewport::OnFocusLost() reason 0
[2018.11.28-15.56.40:930][341]LogSlate: FSceneViewport::OnFocusLost() reason 0
[2018.11.28-15.56.43:173][540]LogSlate: FSceneViewport::OnFocusLost() reason 2
[2018.11.28-15.56.58:459][843]LogSlate: FSceneViewport::OnFocusLost() reason 0
[2018.11.28-15.56.59:820][967]LogSlate: FSceneViewport::OnFocusLost() reason 2
[2018.11.28-15.56.59:851][967]Cmd: OBJ SAVEPACKAGE PACKAGE="/Game/PlayerRelated/MyPlayer/MyPlayer" FILE="F:/Aedion Studio/AedionGame/Aedion/Content/PlayerRelated/MyPlayer/MyPlayer.uasset" SILENT=true
[2018.11.28-15.56.59:921][967]LogSavePackage: Moving 'F:/Aedion Studio/AedionGame/Aedion/Saved/MyPlayer650098AA47896E64B0A4BF986ED75538.tmp' to 'F:/Aedion Studio/AedionGame/Aedion/Content/PlayerRelated/MyPlayer/MyPlayer.uasset'
[2018.11.28-15.57.01:999][147]LogEditorTransaction: Undo Modify Component(s)
[2018.11.28-15.57.04:090][321]LogSlate: FSceneViewport::OnFocusLost() reason 0
[2018.11.28-15.57.05:842][463]Cmd: OBJ SAVEPACKAGE PACKAGE="/Game/PlayerRelated/MyPlayer/MyPlayer" FILE="F:/Aedion Studio/AedionGame/Aedion/Content/PlayerRelated/MyPlayer/MyPlayer.uasset" SILENT=true
[2018.11.28-15.57.05:894][463]LogSavePackage: Moving 'F:/Aedion Studio/AedionGame/Aedion/Saved/MyPlayerEF967408436C5A2A816CF9B26CB025DF.tmp' to 'F:/Aedion Studio/AedionGame/Aedion/Content/PlayerRelated/MyPlayer/MyPlayer.uasset'
[2018.11.28-15.57.06:433][504]LogTemp: Repeating last play command: New Editor Window (PIE)
[2018.11.28-15.57.06:454][504]BlueprintLog: New page: Pre-Play auto-recompile
[2018.11.28-15.57.06:461][504]LogPlayLevel: [PlayLevel] Compiling MyPlayer before play...
[2018.11.28-15.57.06:638][504]LogPlayLevel: PlayLevel: Blueprint regeneration took 184 ms (1 blueprints)
[2018.11.28-15.57.06:654][504]PIE: New page: PIE session: Untitled_1 (Nov 28, 2018, 5:57:06 PM)
[2018.11.28-15.57.06:654][504]LogPlayLevel: Creating play world package: /Temp/UEDPIE_0_Untitled_1
[2018.11.28-15.57.06:657][504]LogPlayLevel: PIE: StaticDuplicateObject took: (0.002900s)
[2018.11.28-15.57.06:658][504]LogAIModule: Creating AISystem for world Untitled_1
[2018.11.28-15.57.06:658][504]LogPlayLevel: PIE: World Init took: (0.000668s)
[2018.11.28-15.57.06:658][504]LogPlayLevel: PIE: Created PIE world by copying editor world from /Temp/Untitled_1.Untitled_1 to /Temp/UEDPIE_0_Untitled_1.Untitled_1 (0.003700s)
[2018.11.28-15.57.06:701][504]LogInit: XAudio2 using 'Headset Earphone (Corsair VOID Wireless Gaming Dongle)' : 6 channels at 48 kHz using 16 bits per sample (channel mask 0x3f)
[2018.11.28-15.57.06:843][504]LogInit: FAudioDevice initialized.
[2018.11.28-15.57.06:858][504]LogSlate: Updating window title bar state: overlay mode, drag disabled, window buttons hidden, title bar hidden
[2018.11.28-15.57.06:937][504]LogLinker: Warning: Can't find file '/Game/MyGame/MyGameMode/MyGameMode'
[2018.11.28-15.57.06:937][504]LogLinker: Warning: Can't find file '/Game/MyGame/MyGameMode/MyGameMode'
[2018.11.28-15.57.06:937][504]LogUObjectGlobals: Warning: Failed to find object 'Class /Game/MyGame/MyGameMode/MyGameMode.MyGameMode_C'
[2018.11.28-15.57.06:937][504]LogLoad: Game class is 'GameModeBase'
[2018.11.28-15.57.06:939][504]LogWorld: Bringing World /Temp/UEDPIE_0_Untitled_1.Untitled_1 up for play (max tick rate 0) at 2018.11.28-16.57.06
[2018.11.28-15.57.06:939][504]LogWorld: Bringing up level for play took: 0.000829
[2018.11.28-15.57.06:958][504]LogContentBrowser: Native class hierarchy updated for 'MovieSceneCapture' in 0.0003 seconds. Added 10 classes and 0 folders.
[2018.11.28-15.57.06:966][504]PIE: Play in editor start time for /Temp/UEDPIE_0_Untitled_1 0.091
[2018.11.28-15.57.07:027][504]LogRenderer: Reallocating scene render targets to support 1292x756 Format 10 NumSamples 1 (Frame:1).
[2018.11.28-15.57.08:635][625]LogSlate: Updating window title bar state: overlay mode, drag disabled, window buttons hidden, title bar hidden
[2018.11.28-15.57.08:651][625]LogSlate: Window 'Aedion Game Preview Standalone (64-bit/PCD3D_SM5)' being destroyed
[2018.11.28-15.57.08:689][625]LogPlayLevel: Display: Shutting down PIE online subsystems
[2018.11.28-15.57.08:751][626]LogPlayLevel: Display: Destroying online subsystem :Context_3
[2018.11.28-15.57.12:468][975]LogAIModule: Creating AISystem for world Overworld
[2018.11.28-15.57.12:478][975]LogAssetEditorManager: Opening Asset editor for World /Game/Overworld.Overworld
[2018.11.28-15.57.12:507][975]Cmd: MAP LOAD FILE="F:/Aedion Studio/AedionGame/Aedion/Content/Overworld.umap" TEMPLATE=0 SHOWPROGRESS=1 FEATURELEVEL=3
[2018.11.28-15.57.12:507][975]LightingResults: New page: Lighting Build
[2018.11.28-15.57.12:507][975]LoadErrors: New page: Loading map: Overworld.umap
[2018.11.28-15.57.12:508][975]MapCheck: New page: Map Check
[2018.11.28-15.57.12:508][975]LightingResults: New page: Lighting Build
[2018.11.28-15.57.12:625][975]LogEditorServer: Finished looking for orphan Actors (0.000 secs)
[2018.11.28-15.57.12:719][975]Cmd: MAP CHECKDEP NOCLEARLOG
[2018.11.28-15.57.12:825][975]MapCheck: Map check complete: 0 Error(s), 0 Warning(s), took 105.453ms to complete.
[2018.11.28-15.57.12:825][975]LogFileHelpers: Loading map 'Overworld' took 0.319
[2018.11.28-15.57.15:220][ 79]LogSlate: FSceneViewport::OnFocusLost() reason 0
[2018.11.28-15.57.15:266][ 84]LogTemp: Repeating last play command: New Editor Window (PIE)
[2018.11.28-15.57.15:284][ 84]LogPlayLevel: PlayLevel: No blueprints needed recompiling
[2018.11.28-15.57.15:285][ 84]PIE: New page: PIE session: Overworld (Nov 28, 2018, 5:57:15 PM)
[2018.11.28-15.57.15:285][ 84]LogPlayLevel: Creating play world package: /Game/UEDPIE_0_Overworld
[2018.11.28-15.57.15:298][ 84]LogPlayLevel: PIE: StaticDuplicateObject took: (0.013622s)
[2018.11.28-15.57.15:299][ 84]LogAIModule: Creating AISystem for world Overworld
[2018.11.28-15.57.15:299][ 84]LogPlayLevel: PIE: World Init took: (0.000816s)
[2018.11.28-15.57.15:299][ 84]LogPlayLevel: PIE: Created PIE world by copying editor world from /Game/Overworld.Overworld to /Game/UEDPIE_0_Overworld.Overworld (0.014618s)
[2018.11.28-15.57.15:339][ 84]LogInit: XAudio2 using 'Headset Earphone (Corsair VOID Wireless Gaming Dongle)' : 6 channels at 48 kHz using 16 bits per sample (channel mask 0x3f)
[2018.11.28-15.57.15:483][ 84]LogInit: FAudioDevice initialized.
[2018.11.28-15.57.15:502][ 84]LogSlate: Updating window title bar state: overlay mode, drag disabled, window buttons hidden, title bar hidden
[2018.11.28-15.57.15:556][ 84]LogLoad: Game class is 'MyGamemode_C'
[2018.11.28-15.57.15:571][ 84]LogWorld: Bringing World /Game/UEDPIE_0_Overworld.Overworld up for play (max tick rate 0) at 2018.11.28-16.57.15
[2018.11.28-15.57.15:572][ 84]LogWorld: Bringing up level for play took: 0.014569
[2018.11.28-15.57.15:597][ 84]PIE: Play in editor start time for /Game/UEDPIE_0_Overworld 0.723
[2018.11.28-15.57.27:320][374]LogSlate: Updating window title bar state: overlay mode, drag disabled, window buttons hidden, title bar hidden
[2018.11.28-15.57.27:390][374]LogSlate: Window 'Aedion Game Preview Standalone (64-bit/PCD3D_SM5)' being destroyed
[2018.11.28-15.57.27:437][374]LogPlayLevel: Display: Shutting down PIE online subsystems
[2018.11.28-15.57.27:506][375]LogPlayLevel: Display: Destroying online subsystem :Context_5
[2018.11.28-15.57.30:453][630]LogSlate: FSceneViewport::OnFocusLost() reason 0
[2018.11.28-15.57.30:511][637]LogTemp: Repeating last play command: New Editor Window (PIE)
[2018.11.28-15.57.30:528][637]LogPlayLevel: PlayLevel: No blueprints needed recompiling
[2018.11.28-15.57.30:528][637]PIE: New page: PIE session: Overworld (Nov 28, 2018, 5:57:30 PM)
[2018.11.28-15.57.30:528][637]LogPlayLevel: Creating play world package: /Game/UEDPIE_0_Overworld
[2018.11.28-15.57.30:540][637]LogPlayLevel: PIE: StaticDuplicateObject took: (0.011967s)
[2018.11.28-15.57.30:541][637]LogAIModule: Creating AISystem for world Overworld
[2018.11.28-15.57.30:541][637]LogPlayLevel: PIE: World Init took: (0.000864s)
[2018.11.28-15.57.30:541][637]LogPlayLevel: PIE: Created PIE world by copying editor world from /Game/Overworld.Overworld to /Game/UEDPIE_0_Overworld.Overworld (0.013027s)
[2018.11.28-15.57.30:579][637]LogInit: XAudio2 using 'Headset Earphone (Corsair VOID Wireless Gaming Dongle)' : 6 channels at 48 kHz using 16 bits per sample (channel mask 0x3f)
[2018.11.28-15.57.30:717][637]LogInit: FAudioDevice initialized.
[2018.11.28-15.57.30:734][637]LogSlate: Updating window title bar state: overlay mode, drag disabled, window buttons hidden, title bar hidden
[2018.11.28-15.57.30:790][637]LogLoad: Game class is 'MyGamemode_C'
[2018.11.28-15.57.30:807][637]LogWorld: Bringing World /Game/UEDPIE_0_Overworld.Overworld up for play (max tick rate 0) at 2018.11.28-16.57.30
[2018.11.28-15.57.30:807][637]LogWorld: Bringing up level for play took: 0.016338
[2018.11.28-15.57.30:833][637]PIE: Play in editor start time for /Game/UEDPIE_0_Overworld -0.041
[2018.11.28-15.57.35:733][ 95]LogSlate: Updating window title bar state: overlay mode, drag disabled, window buttons hidden, title bar hidden
[2018.11.28-15.57.35:753][ 95]LogSlate: Window 'Aedion Game Preview Standalone (64-bit/PCD3D_SM5)' being destroyed
[2018.11.28-15.57.35:796][ 95]LogPlayLevel: Display: Shutting down PIE online subsystems
[2018.11.28-15.57.35:848][ 96]LogPlayLevel: Display: Destroying online subsystem :Context_6
[2018.11.28-15.57.42:246][623]BlueprintLog: New page: Compile MyPlayer
[2018.11.28-15.57.42:840][652]LogTemp: Repeating last play command: New Editor Window (PIE)
[2018.11.28-15.57.42:859][652]LogPlayLevel: PlayLevel: No blueprints needed recompiling
[2018.11.28-15.57.42:860][652]PIE: New page: PIE session: Overworld (Nov 28, 2018, 5:57:42 PM)
[2018.11.28-15.57.42:860][652]LogPlayLevel: Creating play world package: /Game/UEDPIE_0_Overworld
[2018.11.28-15.57.42:871][652]LogPlayLevel: PIE: StaticDuplicateObject took: (0.010890s)
[2018.11.28-15.57.42:871][652]LogAIModule: Creating AISystem for world Overworld
[2018.11.28-15.57.42:871][652]LogPlayLevel: PIE: World Init took: (0.000629s)
[2018.11.28-15.57.42:871][652]LogPlayLevel: PIE: Created PIE world by copying editor world from /Game/Overworld.Overworld to /Game/UEDPIE_0_Overworld.Overworld (0.011690s)
[2018.11.28-15.57.42:913][652]LogInit: XAudio2 using 'Headset Earphone (Corsair VOID Wireless Gaming Dongle)' : 6 channels at 48 kHz using 16 bits per sample (channel mask 0x3f)
[2018.11.28-15.57.43:055][652]LogInit: FAudioDevice initialized.
[2018.11.28-15.57.43:072][652]LogSlate: Updating window title bar state: overlay mode, drag disabled, window buttons hidden, title bar hidden
[2018.11.28-15.57.43:131][652]LogLoad: Game class is 'MyGamemode_C'
[2018.11.28-15.57.43:146][652]LogWorld: Bringing World /Game/UEDPIE_0_Overworld.Overworld up for play (max tick rate 0) at 2018.11.28-16.57.43
[2018.11.28-15.57.43:147][652]LogWorld: Bringing up level for play took: 0.013972
[2018.11.28-15.57.43:169][652]PIE: Play in editor start time for /Game/UEDPIE_0_Overworld 0.295
[2018.11.28-15.57.58:248][638]LogSlate: Updating window title bar state: overlay mode, drag disabled, window buttons hidden, title bar hidden
[2018.11.28-15.57.58:267][638]LogSlate: Window 'Aedion Game Preview Standalone (64-bit/PCD3D_SM5)' being destroyed
[2018.11.28-15.57.58:319][638]LogPlayLevel: Display: Shutting down PIE online subsystems
[2018.11.28-15.57.58:387][639]LogPlayLevel: Display: Destroying online subsystem :Context_7
[2018.11.28-15.58.00:180][775]Cmd: OBJ SAVEPACKAGE PACKAGE="/Game/PlayerRelated/MyPlayer/MyPlayer" FILE="F:/Aedion Studio/AedionGame/Aedion/Content/PlayerRelated/MyPlayer/MyPlayer.uasset" SILENT=true
[2018.11.28-15.58.00:243][775]LogSavePackage: Moving 'F:/Aedion Studio/AedionGame/Aedion/Saved/MyPlayer45A1212942C6139905B8BCB07969A7B5.tmp' to 'F:/Aedion Studio/AedionGame/Aedion/Content/PlayerRelated/MyPlayer/MyPlayer.uasset'
[2018.11.28-15.58.00:571][800]BlueprintLog: New page: Compile MyPlayer
[2018.11.28-15.58.04:747][108]LogTemp: Repeating last play command: New Editor Window (PIE)
[2018.11.28-15.58.04:768][108]BlueprintLog: New page: Pre-Play auto-recompile
[2018.11.28-15.58.04:776][108]LogPlayLevel: [PlayLevel] Compiling MyPlayer before play...
[2018.11.28-15.58.04:928][108]LogPlayLevel: PlayLevel: Blueprint regeneration took 159 ms (1 blueprints)
[2018.11.28-15.58.04:928][108]PIE: New page: PIE session: Overworld (Nov 28, 2018, 5:58:04 PM)
[2018.11.28-15.58.04:928][108]LogPlayLevel: Creating play world package: /Game/UEDPIE_0_Overworld
[2018.11.28-15.58.04:940][108]LogPlayLevel: PIE: StaticDuplicateObject took: (0.011481s)
[2018.11.28-15.58.04:941][108]LogAIModule: Creating AISystem for world Overworld
[2018.11.28-15.58.04:941][108]LogPlayLevel: PIE: World Init took: (0.000731s)
[2018.11.28-15.58.04:941][108]LogPlayLevel: PIE: Created PIE world by copying editor world from /Game/Overworld.Overworld to /Game/UEDPIE_0_Overworld.Overworld (0.012412s)
[2018.11.28-15.58.04:983][108]LogInit: XAudio2 using 'Headset Earphone (Corsair VOID Wireless Gaming Dongle)' : 6 channels at 48 kHz using 16 bits per sample (channel mask 0x3f)
[2018.11.28-15.58.05:123][108]LogInit: FAudioDevice initialized.
[2018.11.28-15.58.05:144][108]LogSlate: Updating window title bar state: overlay mode, drag disabled, window buttons hidden, title bar hidden
[2018.11.28-15.58.05:207][108]LogLoad: Game class is 'MyGamemode_C'
[2018.11.28-15.58.05:219][108]LogWorld: Bringing World /Game/UEDPIE_0_Overworld.Overworld up for play (max tick rate 0) at 2018.11.28-16.58.05
[2018.11.28-15.58.05:219][108]LogWorld: Bringing up level for play took: 0.010804
[2018.11.28-15.58.05:242][108]PIE: Play in editor start time for /Game/UEDPIE_0_Overworld 0.368
[2018.11.28-15.58.12:610][614]LogSlate: Updating window title bar state: overlay mode, drag disabled, window buttons hidden, title bar hidden
[2018.11.28-15.58.12:637][614]LogSlate: Window 'Aedion Game Preview Standalone (64-bit/PCD3D_SM5)' being destroyed
[2018.11.28-15.58.12:685][614]LogPlayLevel: Display: Shutting down PIE online subsystems
[2018.11.28-15.58.12:752][615]LogPlayLevel: Display: Destroying online subsystem :Context_8
[2018.11.28-15.58.13:928][699]Cmd: OBJ SAVEPACKAGE PACKAGE="/Game/PlayerRelated/MyPlayer/MyPlayer" FILE="F:/Aedion Studio/AedionGame/Aedion/Content/PlayerRelated/MyPlayer/MyPlayer.uasset" SILENT=true
[2018.11.28-15.58.13:982][699]LogSavePackage: Moving 'F:/Aedion Studio/AedionGame/Aedion/Saved/MyPlayer75A9B3FF40E4F4E0E18ABFBF07166021.tmp' to 'F:/Aedion Studio/AedionGame/Aedion/Content/PlayerRelated/MyPlayer/MyPlayer.uasset'
[2018.11.28-15.58.22:156][357]LogSlate: Window 'Pick Parent Class' being destroyed
[2018.11.28-15.58.32:237][393]LogAssetEditorManager: Opening Asset editor for Blueprint /Game/PlayerRelated/MyPlayer/TargetActor.TargetActor
[2018.11.28-15.58.35:291][628]LogSlate: FSceneViewport::OnFocusLost() reason 0
[2018.11.28-15.58.35:372][636]BlueprintLog: New page: Compile TargetActor
[2018.11.28-15.58.35:815][658]Cmd: OBJ SAVEPACKAGE PACKAGE="/Game/PlayerRelated/MyPlayer/TargetActor" FILE="F:/Aedion Studio/AedionGame/Aedion/Content/PlayerRelated/MyPlayer/TargetActor.uasset" SILENT=true
[2018.11.28-15.58.35:838][658]LogSavePackage: Moving 'F:/Aedion Studio/AedionGame/Aedion/Saved/TargetActor7A4C92B54D21D9112C5108BF36349F49.tmp' to 'F:/Aedion Studio/AedionGame/Aedion/Content/PlayerRelated/MyPlayer/TargetActor.uasset'
[2018.11.28-15.58.39:093][947]BlueprintLog: New page: Compile TargetActor
[2018.11.28-15.58.39:593][968]Cmd: OBJ SAVEPACKAGE PACKAGE="/Game/PlayerRelated/MyPlayer/TargetActor" FILE="F:/Aedion Studio/AedionGame/Aedion/Content/PlayerRelated/MyPlayer/TargetActor.uasset" SILENT=true
[2018.11.28-15.58.39:641][968]LogSavePackage: Moving 'F:/Aedion Studio/AedionGame/Aedion/Saved/TargetActor75CEE5F843648F9476807B9B7AC60541.tmp' to 'F:/Aedion Studio/AedionGame/Aedion/Content/PlayerRelated/MyPlayer/TargetActor.uasset'
[2018.11.28-15.58.40:856][ 53]LogSlate: FSceneViewport::OnFocusLost() reason 0
[2018.11.28-15.58.52:126][869]LogSlate: FSceneViewport::OnFocusLost() reason 0
[2018.11.28-15.58.52:213][878]BlueprintLog: New page: Compile TargetActor
[2018.11.28-15.58.52:694][897]Cmd: OBJ SAVEPACKAGE PACKAGE="/Game/PlayerRelated/MyPlayer/TargetActor" FILE="F:/Aedion Studio/AedionGame/Aedion/Content/PlayerRelated/MyPlayer/TargetActor.uasset" SILENT=true
[2018.11.28-15.58.52:724][897]LogSavePackage: Moving 'F:/Aedion Studio/AedionGame/Aedion/Saved/TargetActor217A3C90472E5522BD3325AAF13781E4.tmp' to 'F:/Aedion Studio/AedionGame/Aedion/Content/PlayerRelated/MyPlayer/TargetActor.uasset'
[2018.11.28-15.58.58:527][340]LogSlate: FSceneViewport::OnFocusLost() reason 0
[2018.11.28-15.59.17:709][799]LogSlate: FSceneViewport::OnFocusLost() reason 0
[2018.11.28-15.59.18:569][803]LogSlate: Window 'Save Content' being destroyed
[2018.11.28-15.59.18:708][803]Cmd: OBJ SAVEPACKAGE PACKAGE="/Game/Overworld" FILE="F:/Aedion Studio/AedionGame/Aedion/Content/Overworld.umap" SILENT=true AUTOSAVING=false KEEPDIRTY=false
[2018.11.28-15.59.19:084][803]LogSavePackage: Moving 'F:/Aedion Studio/AedionGame/Aedion/Saved/OverworldFF3CE07C4899EDDFE5E7ADA574EFA306.tmp' to 'F:/Aedion Studio/AedionGame/Aedion/Content/Overworld.umap'
[2018.11.28-15.59.19:118][803]LogFileHelpers: Saving map 'Overworld' took 0.517
[2018.11.28-15.59.25:891][247]LogSlate: Prevented a slow task dialog from being summoned while a context menu was open
[2018.11.28-15.59.32:283][748]BlueprintLog: New page: Compile MyPlayer
[2018.11.28-15.59.41:513][362]LogSlate: Took 0.026000 seconds to synchronously load lazily loaded font '../../../Engine/Content/Slate/Fonts/Roboto-BoldCondensedItalic.ttf' (160K)
[2018.11.28-15.59.44:199][482]LogSlate: Window 'Change Variable Type' being destroyed
[2018.11.28-15.59.46:134][602]LogSlate: Window 'Find in Blueprints' being destroyed
[2018.11.28-15.59.46:143][602]LogSlate: Window 'Find in Blueprints' being destroyed
[2018.11.28-15.59.51:339][932]BlueprintLog: New page: Compile MyPlayer
[2018.11.28-15.59.51:362][932]LogBlueprint: Error: [Compiler MyPlayer] In use pin  Test Actor  no longer exists on node  Set . Please refresh node or break links to remove pin.
[2018.11.28-15.59.51:504][932]LogBlueprint: Warning: [Compiler MyPlayer] [0231.84] Compile of MyPlayer failed. 1 Fatal Issue(s) 0 Warning(s) [in 164 ms] (/Game/PlayerRelated/MyPlayer/MyPlayer.MyPlayer)
[2018.11.28-15.59.51:873][949]Cmd: OBJ SAVEPACKAGE PACKAGE="/Game/PlayerRelated/MyPlayer/MyPlayer" FILE="F:/Aedion Studio/AedionGame/Aedion/Content/PlayerRelated/MyPlayer/MyPlayer.uasset" SILENT=true
[2018.11.28-15.59.51:934][949]LogSavePackage: Moving 'F:/Aedion Studio/AedionGame/Aedion/Saved/MyPlayer32BCD2914EBF59D85146C2B211227914.tmp' to 'F:/Aedion Studio/AedionGame/Aedion/Content/PlayerRelated/MyPlayer/MyPlayer.uasset'
[2018.11.28-16.00.14:325][686]BlueprintLog: New page: Compile MyPlayer
[2018.11.28-16.00.15:539][756]Cmd: OBJ SAVEPACKAGE PACKAGE="/Game/PlayerRelated/MyPlayer/MyPlayer" FILE="F:/Aedion Studio/AedionGame/Aedion/Content/PlayerRelated/MyPlayer/MyPlayer.uasset" SILENT=true
[2018.11.28-16.00.15:598][756]LogSavePackage: Moving 'F:/Aedion Studio/AedionGame/Aedion/Saved/MyPlayer327605714A87A17E99226CA3BAF07046.tmp' to 'F:/Aedion Studio/AedionGame/Aedion/Content/PlayerRelated/MyPlayer/MyPlayer.uasset'
[2018.11.28-16.00.16:071][791]LogTemp: Repeating last play command: New Editor Window (PIE)
[2018.11.28-16.00.16:090][791]LogPlayLevel: PlayLevel: No blueprints needed recompiling
[2018.11.28-16.00.16:090][791]PIE: New page: PIE session: Overworld (Nov 28, 2018, 6:00:16 PM)
[2018.11.28-16.00.16:090][791]LogPlayLevel: Creating play world package: /Game/UEDPIE_0_Overworld
[2018.11.28-16.00.16:103][791]LogPlayLevel: PIE: StaticDuplicateObject took: (0.012802s)
[2018.11.28-16.00.16:104][791]LogAIModule: Creating AISystem for world Overworld
[2018.11.28-16.00.16:104][791]LogPlayLevel: PIE: World Init took: (0.000892s)
[2018.11.28-16.00.16:104][791]LogPlayLevel: PIE: Created PIE world by copying editor world from /Game/Overworld.Overworld to /Game/UEDPIE_0_Overworld.Overworld (0.013884s)
[2018.11.28-16.00.16:153][791]LogInit: XAudio2 using 'Headset Earphone (Corsair VOID Wireless Gaming Dongle)' : 6 channels at 48 kHz using 16 bits per sample (channel mask 0x3f)
[2018.11.28-16.00.16:301][791]LogInit: FAudioDevice initialized.
[2018.11.28-16.00.16:318][791]LogSlate: Updating window title bar state: overlay mode, drag disabled, window buttons hidden, title bar hidden
[2018.11.28-16.00.16:379][791]LogLoad: Game class is 'MyGamemode_C'
[2018.11.28-16.00.16:391][791]LogWorld: Bringing World /Game/UEDPIE_0_Overworld.Overworld up for play (max tick rate 0) at 2018.11.28-17.00.16
[2018.11.28-16.00.16:391][791]LogWorld: Bringing up level for play took: 0.010606
[2018.11.28-16.00.16:414][791]PIE: Play in editor start time for /Game/UEDPIE_0_Overworld -0.46
[2018.11.28-16.00.42:172][575]LogSlate: Updating window title bar state: overlay mode, drag disabled, window buttons hidden, title bar hidden
[2018.11.28-16.00.42:192][575]LogSlate: Window 'Aedion Game Preview Standalone (64-bit/PCD3D_SM5)' being destroyed
[2018.11.28-16.00.42:245][575]LogPlayLevel: Display: Shutting down PIE online subsystems
[2018.11.28-16.00.42:316][576]LogPlayLevel: Display: Destroying online subsystem :Context_12
[2018.11.28-16.00.44:612][785]Cmd: OBJ SAVEPACKAGE PACKAGE="/Game/PlayerRelated/MyPlayer/MyPlayer" FILE="F:/Aedion Studio/AedionGame/Aedion/Content/PlayerRelated/MyPlayer/MyPlayer.uasset" SILENT=true
[2018.11.28-16.00.44:671][785]LogSavePackage: Moving 'F:/Aedion Studio/AedionGame/Aedion/Saved/MyPlayerAB20567A4E4224928FC532A9A99B3991.tmp' to 'F:/Aedion Studio/AedionGame/Aedion/Content/PlayerRelated/MyPlayer/MyPlayer.uasset'
[2018.11.28-16.00.46:696][943]Cmd: OBJ SAVEPACKAGE PACKAGE="/Game/PlayerRelated/MyPlayer/MyPlayer" FILE="F:/Aedion Studio/AedionGame/Aedion/Content/PlayerRelated/MyPlayer/MyPlayer.uasset" SILENT=true
[2018.11.28-16.00.46:746][943]LogSavePackage: Moving 'F:/Aedion Studio/AedionGame/Aedion/Saved/MyPlayer3A4D7C1A49F2DE214CD2AAA641692793.tmp' to 'F:/Aedion Studio/AedionGame/Aedion/Content/PlayerRelated/MyPlayer/MyPlayer.uasset'
[2018.11.28-16.00.56:032][631]LogSlate: FSceneViewport::OnFocusLost() reason 0
[2018.11.28-16.00.56:102][638]BlueprintLog: New page: Compile TargetActor
[2018.11.28-16.00.59:214][888]LogEditorViewport: Clicking on Actor (LMB): TargetActor_C (TargetActor)
[2018.11.28-16.01.04:265][270]LogSlate: FSceneViewport::OnFocusLost() reason 0
[2018.11.28-16.01.04:334][278]LogTemp: Repeating last play command: New Editor Window (PIE)
[2018.11.28-16.01.04:356][278]LogPlayLevel: PlayLevel: No blueprints needed recompiling
[2018.11.28-16.01.04:356][278]PIE: New page: PIE session: Overworld (Nov 28, 2018, 6:01:04 PM)
[2018.11.28-16.01.04:356][278]LogPlayLevel: Creating play world package: /Game/UEDPIE_0_Overworld
[2018.11.28-16.01.04:366][278]LogPlayLevel: PIE: StaticDuplicateObject took: (0.010166s)
[2018.11.28-16.01.04:367][278]LogAIModule: Creating AISystem for world Overworld
[2018.11.28-16.01.04:367][278]LogPlayLevel: PIE: World Init took: (0.000663s)
[2018.11.28-16.01.04:367][278]LogPlayLevel: PIE: Created PIE world by copying editor world from /Game/Overworld.Overworld to /Game/UEDPIE_0_Overworld.Overworld (0.010968s)
[2018.11.28-16.01.04:414][278]LogInit: XAudio2 using 'Headset Earphone (Corsair VOID Wireless Gaming Dongle)' : 6 channels at 48 kHz using 16 bits per sample (channel mask 0x3f)
[2018.11.28-16.01.04:561][278]LogInit: FAudioDevice initialized.
[2018.11.28-16.01.04:576][278]LogSlate: Updating window title bar state: overlay mode, drag disabled, window buttons hidden, title bar hidden
[2018.11.28-16.01.04:639][278]LogLoad: Game class is 'MyGamemode_C'
[2018.11.28-16.01.04:658][278]LogWorld: Bringing World /Game/UEDPIE_0_Overworld.Overworld up for play (max tick rate 0) at 2018.11.28-17.01.04
[2018.11.28-16.01.04:660][278]LogWorld: Bringing up level for play took: 0.020034
[2018.11.28-16.01.04:684][278]PIE: Play in editor start time for /Game/UEDPIE_0_Overworld -0.19
[2018.11.28-16.01.10:205][808]LogSlate: Updating window title bar state: overlay mode, drag disabled, window buttons hidden, title bar hidden
[2018.11.28-16.01.10:223][808]LogSlate: Window 'Aedion Game Preview Standalone (64-bit/PCD3D_SM5)' being destroyed
[2018.11.28-16.01.10:272][808]LogPlayLevel: Display: Shutting down PIE online subsystems
[2018.11.28-16.01.10:336][809]LogPlayLevel: Display: Destroying online subsystem :Context_13
[2018.11.28-16.01.19:973][437]BlueprintLog: New page: Compile MyPlayer
[2018.11.28-16.01.20:532][462]Cmd: OBJ SAVEPACKAGE PACKAGE="/Game/PlayerRelated/MyPlayer/MyPlayer" FILE="F:/Aedion Studio/AedionGame/Aedion/Content/PlayerRelated/MyPlayer/MyPlayer.uasset" SILENT=true
[2018.11.28-16.01.20:589][462]LogSavePackage: Moving 'F:/Aedion Studio/AedionGame/Aedion/Saved/MyPlayer3E93989A4AAF55215E8C2B8792395A93.tmp' to 'F:/Aedion Studio/AedionGame/Aedion/Content/PlayerRelated/MyPlayer/MyPlayer.uasset'
[2018.11.28-16.01.20:957][490]LogTemp: Repeating last play command: New Editor Window (PIE)
[2018.11.28-16.01.20:975][490]LogPlayLevel: PlayLevel: No blueprints needed recompiling
[2018.11.28-16.01.20:976][490]PIE: New page: PIE session: Overworld (Nov 28, 2018, 6:01:20 PM)
[2018.11.28-16.01.20:976][490]LogPlayLevel: Creating play world package: /Game/UEDPIE_0_Overworld
[2018.11.28-16.01.20:989][490]LogPlayLevel: PIE: StaticDuplicateObject took: (0.013024s)
[2018.11.28-16.01.20:990][490]LogAIModule: Creating AISystem for world Overworld
[2018.11.28-16.01.20:990][490]LogPlayLevel: PIE: World Init took: (0.000807s)
[2018.11.28-16.01.20:990][490]LogPlayLevel: PIE: Created PIE world by copying editor world from /Game/Overworld.Overworld to /Game/UEDPIE_0_Overworld.Overworld (0.014031s)
[2018.11.28-16.01.21:037][490]LogInit: XAudio2 using 'Headset Earphone (Corsair VOID Wireless Gaming Dongle)' : 6 channels at 48 kHz using 16 bits per sample (channel mask 0x3f)
[2018.11.28-16.01.21:177][490]LogInit: FAudioDevice initialized.
[2018.11.28-16.01.21:191][490]LogSlate: Updating window title bar state: overlay mode, drag disabled, window buttons hidden, title bar hidden
[2018.11.28-16.01.21:252][490]LogLoad: Game class is 'MyGamemode_C'
[2018.11.28-16.01.21:263][490]LogWorld: Bringing World /Game/UEDPIE_0_Overworld.Overworld up for play (max tick rate 0) at 2018.11.28-17.01.21
[2018.11.28-16.01.21:263][490]LogWorld: Bringing up level for play took: 0.010826
[2018.11.28-16.01.21:286][490]PIE: Play in editor start time for /Game/UEDPIE_0_Overworld 0.412
[2018.11.28-16.01.26:888][863]LogSlate: Updating window title bar state: overlay mode, drag disabled, window buttons hidden, title bar hidden
[2018.11.28-16.01.26:907][863]LogSlate: Window 'Aedion Game Preview Standalone (64-bit/PCD3D_SM5)' being destroyed
[2018.11.28-16.01.26:957][863]LogPlayLevel: Display: Shutting down PIE online subsystems
[2018.11.28-16.01.27:019][864]LogPlayLevel: Display: Destroying online subsystem :Context_14
[2018.11.28-16.01.28:124][949]Cmd: OBJ SAVEPACKAGE PACKAGE="/Game/PlayerRelated/MyPlayer/MyPlayer" FILE="F:/Aedion Studio/AedionGame/Aedion/Content/PlayerRelated/MyPlayer/MyPlayer.uasset" SILENT=true
[2018.11.28-16.01.28:173][949]LogSavePackage: Moving 'F:/Aedion Studio/AedionGame/Aedion/Saved/MyPlayer06258A4A427597E0F0CEE8BC2CA537DA.tmp' to 'F:/Aedion Studio/AedionGame/Aedion/Content/PlayerRelated/MyPlayer/MyPlayer.uasset'
[2018.11.28-16.01.34:866][408]LogSlate: FSceneViewport::OnFocusLost() reason 0
[2018.11.28-16.01.34:958][417]BlueprintLog: New page: Compile TargetActor
[2018.11.28-16.01.35:846][462]LogTemp: Repeating last play command: New Editor Window (PIE)
[2018.11.28-16.01.35:871][462]LogPlayLevel: PlayLevel: No blueprints needed recompiling
[2018.11.28-16.01.35:871][462]PIE: New page: PIE session: Overworld (Nov 28, 2018, 6:01:35 PM)
[2018.11.28-16.01.35:871][462]LogPlayLevel: Creating play world package: /Game/UEDPIE_0_Overworld
[2018.11.28-16.01.35:887][462]LogPlayLevel: PIE: StaticDuplicateObject took: (0.015639s)
[2018.11.28-16.01.35:888][462]LogAIModule: Creating AISystem for world Overworld
[2018.11.28-16.01.35:888][462]LogPlayLevel: PIE: World Init took: (0.000916s)
[2018.11.28-16.01.35:888][462]LogPlayLevel: PIE: Created PIE world by copying editor world from /Game/Overworld.Overworld to /Game/UEDPIE_0_Overworld.Overworld (0.016821s)
[2018.11.28-16.01.35:931][462]LogInit: XAudio2 using 'Headset Earphone (Corsair VOID Wireless Gaming Dongle)' : 6 channels at 48 kHz using 16 bits per sample (channel mask 0x3f)
[2018.11.28-16.01.36:073][462]LogInit: FAudioDevice initialized.
[2018.11.28-16.01.36:091][462]LogSlate: Updating window title bar state: overlay mode, drag disabled, window buttons hidden, title bar hidden
[2018.11.28-16.01.36:146][462]LogLoad: Game class is 'MyGamemode_C'
[2018.11.28-16.01.36:157][462]LogWorld: Bringing World /Game/UEDPIE_0_Overworld.Overworld up for play (max tick rate 0) at 2018.11.28-17.01.36
[2018.11.28-16.01.36:159][462]LogWorld: Bringing up level for play took: 0.012205
[2018.11.28-16.01.36:182][462]PIE: Play in editor start time for /Game/UEDPIE_0_Overworld 1.309
[2018.11.28-16.01.37:913][569]LogSlate: Updating window title bar state: overlay mode, drag disabled, window buttons hidden, title bar hidden
[2018.11.28-16.01.37:931][569]LogSlate: Window 'Aedion Game Preview Standalone (64-bit/PCD3D_SM5)' being destroyed
[2018.11.28-16.01.37:977][569]LogPlayLevel: Display: Shutting down PIE online subsystems
[2018.11.28-16.01.38:066][570]LogPlayLevel: Display: Destroying online subsystem :Context_15
[2018.11.28-16.01.40:039][710]LogEditorViewport: Clicking on Actor (LMB): TargetActor_C (TargetActor)
[2018.11.28-16.01.42:866][962]LogSlate: FSceneViewport::OnFocusLost() reason 0
[2018.11.28-16.01.42:917][968]LogTemp: Repeating last play command: New Editor Window (PIE)
[2018.11.28-16.01.42:935][968]LogPlayLevel: PlayLevel: No blueprints needed recompiling
[2018.11.28-16.01.42:936][968]PIE: New page: PIE session: Overworld (Nov 28, 2018, 6:01:42 PM)
[2018.11.28-16.01.42:936][968]LogPlayLevel: Creating play world package: /Game/UEDPIE_0_Overworld
[2018.11.28-16.01.42:948][968]LogPlayLevel: PIE: StaticDuplicateObject took: (0.011832s)
[2018.11.28-16.01.42:948][968]LogAIModule: Creating AISystem for world Overworld
[2018.11.28-16.01.42:949][968]LogPlayLevel: PIE: World Init took: (0.001025s)
[2018.11.28-16.01.42:949][968]LogPlayLevel: PIE: Created PIE world by copying editor world from /Game/Overworld.Overworld to /Game/UEDPIE_0_Overworld.Overworld (0.013073s)
[2018.11.28-16.01.42:997][968]LogInit: XAudio2 using 'Headset Earphone (Corsair VOID Wireless Gaming Dongle)' : 6 channels at 48 kHz using 16 bits per sample (channel mask 0x3f)
[2018.11.28-16.01.43:147][968]LogInit: FAudioDevice initialized.
[2018.11.28-16.01.43:164][968]LogSlate: Updating window title bar state: overlay mode, drag disabled, window buttons hidden, title bar hidden
[2018.11.28-16.01.43:224][968]LogLoad: Game class is 'MyGamemode_C'
[2018.11.28-16.01.43:240][968]LogWorld: Bringing World /Game/UEDPIE_0_Overworld.Overworld up for play (max tick rate 0) at 2018.11.28-17.01.43
[2018.11.28-16.01.43:241][968]LogWorld: Bringing up level for play took: 0.015738
[2018.11.28-16.01.43:264][968]PIE: Play in editor start time for /Game/UEDPIE_0_Overworld 0.39
[2018.11.28-16.03.14:953][977]LogSlate: Updating window title bar state: overlay mode, drag disabled, window buttons hidden, title bar hidden
[2018.11.28-16.03.14:975][977]LogSlate: Window 'Aedion Game Preview Standalone (64-bit/PCD3D_SM5)' being destroyed
[2018.11.28-16.03.15:020][977]LogPlayLevel: Display: Shutting down PIE online subsystems
[2018.11.28-16.03.15:080][978]LogPlayLevel: Display: Destroying online subsystem :Context_16
[2018.11.28-16.03.20:590][352]LogSlate: FSceneViewport::OnFocusLost() reason 0
[2018.11.28-16.03.27:271][893]LogSlate: FSceneViewport::OnFocusLost() reason 0
[2018.11.28-16.03.27:362][902]BlueprintLog: New page: Compile MyPlayer
[2018.11.28-16.03.27:897][926]LogTemp: Repeating last play command: New Editor Window (PIE)
[2018.11.28-16.03.27:914][926]LogPlayLevel: PlayLevel: No blueprints needed recompiling
[2018.11.28-16.03.27:915][926]PIE: New page: PIE session: Overworld (Nov 28, 2018, 6:03:27 PM)
[2018.11.28-16.03.27:915][926]LogPlayLevel: Creating play world package: /Game/UEDPIE_0_Overworld
[2018.11.28-16.03.27:928][926]LogPlayLevel: PIE: StaticDuplicateObject took: (0.012795s)
[2018.11.28-16.03.27:928][926]LogAIModule: Creating AISystem for world Overworld
[2018.11.28-16.03.27:928][926]LogPlayLevel: PIE: World Init took: (0.000809s)
[2018.11.28-16.03.27:928][926]LogPlayLevel: PIE: Created PIE world by copying editor world from /Game/Overworld.Overworld to /Game/UEDPIE_0_Overworld.Overworld (0.013776s)
[2018.11.28-16.03.27:973][926]LogInit: XAudio2 using 'Headset Earphone (Corsair VOID Wireless Gaming Dongle)' : 6 channels at 48 kHz using 16 bits per sample (channel mask 0x3f)
[2018.11.28-16.03.28:114][926]LogInit: FAudioDevice initialized.
[2018.11.28-16.03.28:132][926]LogSlate: Updating window title bar state: overlay mode, drag disabled, window buttons hidden, title bar hidden
[2018.11.28-16.03.28:184][926]LogLoad: Game class is 'MyGamemode_C'
[2018.11.28-16.03.28:201][926]LogWorld: Bringing World /Game/UEDPIE_0_Overworld.Overworld up for play (max tick rate 0) at 2018.11.28-17.03.28
[2018.11.28-16.03.28:202][926]LogWorld: Bringing up level for play took: 0.016864
[2018.11.28-16.03.28:223][926]PIE: Play in editor start time for /Game/UEDPIE_0_Overworld -0.651
[2018.11.28-16.03.33:071][252]LogSlate: Updating window title bar state: overlay mode, drag disabled, window buttons hidden, title bar hidden
[2018.11.28-16.03.33:094][252]LogSlate: Window 'Aedion Game Preview Standalone (64-bit/PCD3D_SM5)' being destroyed
[2018.11.28-16.03.33:141][252]LogPlayLevel: Display: Shutting down PIE online subsystems
[2018.11.28-16.03.33:201][253]LogPlayLevel: Display: Destroying online subsystem :Context_17
[2018.11.28-16.03.34:957][383]Cmd: OBJ SAVEPACKAGE PACKAGE="/Game/PlayerRelated/MyPlayer/MyPlayer" FILE="F:/Aedion Studio/AedionGame/Aedion/Content/PlayerRelated/MyPlayer/MyPlayer.uasset" SILENT=true
[2018.11.28-16.03.35:020][383]LogSavePackage: Moving 'F:/Aedion Studio/AedionGame/Aedion/Saved/MyPlayer6B5B15F94001E664FB922E93C0CA7808.tmp' to 'F:/Aedion Studio/AedionGame/Aedion/Content/PlayerRelated/MyPlayer/MyPlayer.uasset'
[2018.11.28-16.03.37:139][569]LogTemp: Repeating last play command: New Editor Window (PIE)
[2018.11.28-16.03.37:156][569]LogPlayLevel: PlayLevel: No blueprints needed recompiling
[2018.11.28-16.03.37:157][569]PIE: New page: PIE session: Overworld (Nov 28, 2018, 6:03:37 PM)
[2018.11.28-16.03.37:157][569]LogPlayLevel: Creating play world package: /Game/UEDPIE_0_Overworld
[2018.11.28-16.03.37:171][569]LogPlayLevel: PIE: StaticDuplicateObject took: (0.014406s)
[2018.11.28-16.03.37:172][569]LogAIModule: Creating AISystem for world Overworld
[2018.11.28-16.03.37:172][569]LogPlayLevel: PIE: World Init took: (0.000932s)
[2018.11.28-16.03.37:172][569]LogPlayLevel: PIE: Created PIE world by copying editor world from /Game/Overworld.Overworld to /Game/UEDPIE_0_Overworld.Overworld (0.015604s)
[2018.11.28-16.03.37:213][569]LogInit: XAudio2 using 'Headset Earphone (Corsair VOID Wireless Gaming Dongle)' : 6 channels at 48 kHz using 16 bits per sample (channel mask 0x3f)
[2018.11.28-16.03.37:354][569]LogInit: FAudioDevice initialized.
[2018.11.28-16.03.37:372][569]LogSlate: Updating window title bar state: overlay mode, drag disabled, window buttons hidden, title bar hidden
[2018.11.28-16.03.37:428][569]LogLoad: Game class is 'MyGamemode_C'
[2018.11.28-16.03.37:442][569]LogWorld: Bringing World /Game/UEDPIE_0_Overworld.Overworld up for play (max tick rate 0) at 2018.11.28-17.03.37
[2018.11.28-16.03.37:443][569]LogWorld: Bringing up level for play took: 0.014400
[2018.11.28-16.03.37:464][569]PIE: Play in editor start time for /Game/UEDPIE_0_Overworld 0.59
[2018.11.28-16.03.38:287][622]LogRenderer: Reallocating scene render targets to support 1920x1016 Format 10 NumSamples 1 (Frame:55).
[2018.11.28-16.04.05:923][992]LogSlate: Updating window title bar state: overlay mode, drag disabled, window buttons hidden, title bar hidden
[2018.11.28-16.04.05:944][992]LogSlate: Window 'Aedion Game Preview Standalone (64-bit/PCD3D_SM5)' being destroyed
[2018.11.28-16.04.06:002][992]LogPlayLevel: Display: Shutting down PIE online subsystems
[2018.11.28-16.04.06:054][993]LogPlayLevel: Display: Destroying online subsystem :Context_18
[2018.11.28-16.04.11:850][443]LogSlate: FSceneViewport::OnFocusLost() reason 2
[2018.11.28-16.04.12:199][475]BlueprintLog: New page: Compile TargetActor
[2018.11.28-16.04.12:845][508]LogTemp: Repeating last play command: New Editor Window (PIE)
[2018.11.28-16.04.12:868][508]LogPlayLevel: PlayLevel: No blueprints needed recompiling
[2018.11.28-16.04.12:868][508]PIE: New page: PIE session: Overworld (Nov 28, 2018, 6:04:12 PM)
[2018.11.28-16.04.12:869][508]LogPlayLevel: Creating play world package: /Game/UEDPIE_0_Overworld
[2018.11.28-16.04.12:882][508]LogPlayLevel: PIE: StaticDuplicateObject took: (0.013565s)
[2018.11.28-16.04.12:883][508]LogAIModule: Creating AISystem for world Overworld
[2018.11.28-16.04.12:883][508]LogPlayLevel: PIE: World Init took: (0.000778s)
[2018.11.28-16.04.12:883][508]LogPlayLevel: PIE: Created PIE world by copying editor world from /Game/Overworld.Overworld to /Game/UEDPIE_0_Overworld.Overworld (0.014551s)
[2018.11.28-16.04.12:929][508]LogInit: XAudio2 using 'Headset Earphone (Corsair VOID Wireless Gaming Dongle)' : 6 channels at 48 kHz using 16 bits per sample (channel mask 0x3f)
[2018.11.28-16.04.13:076][508]LogInit: FAudioDevice initialized.
[2018.11.28-16.04.13:093][508]LogSlate: Updating window title bar state: overlay mode, drag disabled, window buttons hidden, title bar hidden
[2018.11.28-16.04.13:154][508]LogLoad: Game class is 'MyGamemode_C'
[2018.11.28-16.04.13:172][508]LogWorld: Bringing World /Game/UEDPIE_0_Overworld.Overworld up for play (max tick rate 0) at 2018.11.28-17.04.13
[2018.11.28-16.04.13:173][508]LogWorld: Bringing up level for play took: 0.018280
[2018.11.28-16.04.13:194][508]PIE: Play in editor start time for /Game/UEDPIE_0_Overworld 0.32
[2018.11.28-16.04.14:333][577]LogSlate: Updating window title bar state: overlay mode, drag disabled, window buttons hidden, title bar hidden
[2018.11.28-16.04.14:354][577]LogSlate: Window 'Aedion Game Preview Standalone (64-bit/PCD3D_SM5)' being destroyed
[2018.11.28-16.04.14:395][577]LogPlayLevel: Display: Shutting down PIE online subsystems
[2018.11.28-16.04.14:476][578]LogPlayLevel: Display: Destroying online subsystem :Context_19
[2018.11.28-16.04.15:570][646]LogSlate: FSceneViewport::OnFocusLost() reason 0
[2018.11.28-16.04.16:568][747]LogEditorViewport: Clicking on Actor (LMB): TargetActor_C (TargetActor)
[2018.11.28-16.04.18:914][969]LogSlate: FSceneViewport::OnFocusLost() reason 0
[2018.11.28-16.04.18:981][977]LogTemp: Repeating last play command: New Editor Window (PIE)
[2018.11.28-16.04.18:999][977]LogPlayLevel: PlayLevel: No blueprints needed recompiling
[2018.11.28-16.04.18:999][977]PIE: New page: PIE session: Overworld (Nov 28, 2018, 6:04:18 PM)
[2018.11.28-16.04.18:999][977]LogPlayLevel: Creating play world package: /Game/UEDPIE_0_Overworld
[2018.11.28-16.04.19:013][977]LogPlayLevel: PIE: StaticDuplicateObject took: (0.013303s)
[2018.11.28-16.04.19:013][977]LogAIModule: Creating AISystem for world Overworld
[2018.11.28-16.04.19:014][977]LogPlayLevel: PIE: World Init took: (0.000827s)
[2018.11.28-16.04.19:014][977]LogPlayLevel: PIE: Created PIE world by copying editor world from /Game/Overworld.Overworld to /Game/UEDPIE_0_Overworld.Overworld (0.014454s)
[2018.11.28-16.04.19:060][977]LogInit: XAudio2 using 'Headset Earphone (Corsair VOID Wireless Gaming Dongle)' : 6 channels at 48 kHz using 16 bits per sample (channel mask 0x3f)
[2018.11.28-16.04.19:208][977]LogInit: FAudioDevice initialized.
[2018.11.28-16.04.19:224][977]LogSlate: Updating window title bar state: overlay mode, drag disabled, window buttons hidden, title bar hidden
[2018.11.28-16.04.19:277][977]LogLoad: Game class is 'MyGamemode_C'
[2018.11.28-16.04.19:295][977]LogWorld: Bringing World /Game/UEDPIE_0_Overworld.Overworld up for play (max tick rate 0) at 2018.11.28-17.04.19
[2018.11.28-16.04.19:297][977]LogWorld: Bringing up level for play took: 0.018532
[2018.11.28-16.04.19:321][977]PIE: Play in editor start time for /Game/UEDPIE_0_Overworld 0.446
[2018.11.28-16.04.34:039][271]LogSlate: Updating window title bar state: overlay mode, drag disabled, window buttons hidden, title bar hidden
[2018.11.28-16.04.34:060][271]LogSlate: Window 'Aedion Game Preview Standalone (64-bit/PCD3D_SM5)' being destroyed
[2018.11.28-16.04.34:114][271]LogPlayLevel: Display: Shutting down PIE online subsystems
[2018.11.28-16.04.34:168][272]LogPlayLevel: Display: Destroying online subsystem :Context_20
[2018.11.28-16.04.36:651][507]LogEditorViewport: Clicking on Actor (LMB): TargetActor_C (TargetActor)
[2018.11.28-16.04.44:667][130]LogSlate: FSceneViewport::OnFocusLost() reason 0
[2018.11.28-16.04.45:667][136]LogSlate: Window 'Save Content' being destroyed
[2018.11.28-16.04.45:799][136]Cmd: OBJ SAVEPACKAGE PACKAGE="/Game/Overworld" FILE="F:/Aedion Studio/AedionGame/Aedion/Content/Overworld.umap" SILENT=true AUTOSAVING=false KEEPDIRTY=false
[2018.11.28-16.04.46:107][136]LogSavePackage: Moving 'F:/Aedion Studio/AedionGame/Aedion/Saved/Overworld2EFE150A4B488E9F36CD1AB005F344BD.tmp' to 'F:/Aedion Studio/AedionGame/Aedion/Content/Overworld.umap'
[2018.11.28-16.04.46:142][136]LogFileHelpers: Saving map 'Overworld' took 0.449
[2018.11.28-16.04.46:158][136]Cmd: OBJ SAVEPACKAGE PACKAGE="/Game/PlayerRelated/MyPlayer/TargetActor" FILE="F:/Aedion Studio/AedionGame/Aedion/Content/PlayerRelated/MyPlayer/TargetActor.uasset" SILENT=true
[2018.11.28-16.04.46:194][136]LogSavePackage: Moving 'F:/Aedion Studio/AedionGame/Aedion/Saved/TargetActorE02A324546E0517222E8C68485B1696A.tmp' to 'F:/Aedion Studio/AedionGame/Aedion/Content/PlayerRelated/MyPlayer/TargetActor.uasset'
[2018.11.28-16.04.53:233][849]LogSlate: FSceneViewport::OnFocusLost() reason 0
[2018.11.28-16.05.32:561][496]LogEditorViewport: Clicking on Actor (LMB): StaticMeshActor (snow_models_Cube_22)
[2018.11.28-16.05.33:267][525]Cmd: DELETE
[2018.11.28-16.05.33:267][525]Cmd: ACTOR DELETE
[2018.11.28-16.05.33:273][525]LogEditorActor: Deleted Actor: StaticMeshActor
[2018.11.28-16.05.33:303][525]LogEditorActor: Deleted 1 Actors (0.036 secs)
[2018.11.28-16.05.33:417][536]LogEditorViewport: Clicking on Actor (LMB): StaticMeshActor (snow_models_Cube_66)
[2018.11.28-16.05.33:573][543]Cmd: DELETE
[2018.11.28-16.05.33:573][543]Cmd: ACTOR DELETE
[2018.11.28-16.05.33:579][543]LogEditorActor: Deleted Actor: StaticMeshActor
[2018.11.28-16.05.33:609][543]LogEditorActor: Deleted 1 Actors (0.035 secs)
[2018.11.28-16.05.33:854][567]LogEditorViewport: Clicking on Actor (LMB): StaticMeshActor (snow_models_Cube_4)
[2018.11.28-16.05.33:950][569]Cmd: DELETE
[2018.11.28-16.05.33:951][569]Cmd: ACTOR DELETE
[2018.11.28-16.05.33:956][569]LogEditorActor: Deleted Actor: StaticMeshActor
[2018.11.28-16.05.33:983][569]LogEditorActor: Deleted 1 Actors (0.033 secs)
[2018.11.28-16.05.34:305][601]LogEditorViewport: Clicking on Actor (LMB): StaticMeshActor (snow_models_Cube_68)
[2018.11.28-16.05.34:563][618]Cmd: DELETE
[2018.11.28-16.05.34:563][618]Cmd: ACTOR DELETE
[2018.11.28-16.05.34:572][618]LogEditorActor: Deleted Actor: StaticMeshActor
[2018.11.28-16.05.34:603][618]LogEditorActor: Deleted 1 Actors (0.040 secs)
[2018.11.28-16.05.34:942][653]LogEditorViewport: Clicking on Actor (LMB): StaticMeshActor (snow_models_Cube_69)
[2018.11.28-16.05.35:051][657]Cmd: DELETE
[2018.11.28-16.05.35:051][657]Cmd: ACTOR DELETE
[2018.11.28-16.05.35:057][657]LogEditorActor: Deleted Actor: StaticMeshActor
[2018.11.28-16.05.35:087][657]LogEditorActor: Deleted 1 Actors (0.035 secs)
[2018.11.28-16.05.36:015][742]LogSlate: FSceneViewport::OnFocusLost() reason 0
[2018.11.28-16.05.37:126][746]LogSlate: Window 'Save Content' being destroyed
[2018.11.28-16.05.37:266][746]Cmd: OBJ SAVEPACKAGE PACKAGE="/Game/Overworld" FILE="F:/Aedion Studio/AedionGame/Aedion/Content/Overworld.umap" SILENT=true AUTOSAVING=false KEEPDIRTY=false
[2018.11.28-16.05.37:538][746]LogSavePackage: Moving 'F:/Aedion Studio/AedionGame/Aedion/Saved/Overworld3D72CDC3482148DE606E60A4A2351923.tmp' to 'F:/Aedion Studio/AedionGame/Aedion/Content/Overworld.umap'
[2018.11.28-16.05.37:571][746]LogFileHelpers: Saving map 'Overworld' took 0.410
